  [1m[35m (37.6ms)[0m  [1m[35mCREATE DATABASE "kokushi_development" ENCODING = 'unicode'[0m
Started GET "/api/health" for 172.18.0.1 at 2025-06-15 04:14:37 +0000
  [1m[35m (11.0ms)[0m  [1m[35mCREATE TABLE "schema_migrations" ("version" character varying NOT NULL PRIMARY KEY)[0m
  [1m[35m (2.2ms)[0m  [1m[35mCREATE TABLE "ar_internal_metadata" ("key" character varying NOT NULL PRIMARY KEY, "value" character varying, "created_at" timestamp(6) NOT NULL, "updated_at" timestamp(6) NOT NULL)[0m
  [1m[36mActiveRecord::SchemaMigration Load (0.8ms)[0m  [1m[34mSELECT "schema_migrations"."version" FROM "schema_migrations" ORDER BY "schema_migrations"."version" ASC[0m
Processing by Api::HealthController#check as */*
Completed 200 OK in 10ms (Views: 0.2ms | ActiveRecord: 0.0ms (0 queries, 0 cached) | GC: 0.0ms)


[ActionDispatch::HostAuthorization::DefaultResponseApp] Blocked hosts: backend:3000
Started GET "/api/health" for 172.18.0.4 at 2025-06-15 04:17:30 +0000
  [1m[36mActiveRecord::SchemaMigration Load (0.8ms)[0m  [1m[34mSELECT "schema_migrations"."version" FROM "schema_migrations" ORDER BY "schema_migrations"."version" ASC[0m
Processing by Api::HealthController#check as */*
Completed 200 OK in 6ms (Views: 0.2ms | ActiveRecord: 0.0ms (0 queries, 0 cached) | GC: 2.2ms)


Started GET "/api/health" for 172.18.0.4 at 2025-06-15 04:18:06 +0000
Processing by Api::HealthController#check as */*
Completed 200 OK in 0ms (Views: 0.2ms | ActiveRecord: 0.0ms (0 queries, 0 cached) | GC: 0.0ms)


Started GET "/api/health" for 172.18.0.1 at 2025-06-15 04:28:08 +0000
  [1m[36mActiveRecord::SchemaMigration Load (1.0ms)[0m  [1m[34mSELECT "schema_migrations"."version" FROM "schema_migrations" ORDER BY "schema_migrations"."version" ASC[0m
Processing by Api::HealthController#check as */*
Completed 200 OK in 10ms (Views: 1.1ms | ActiveRecord: 0.0ms (0 queries, 0 cached) | GC: 5.2ms)


Started GET "/api/health" for 172.18.0.4 at 2025-06-15 04:29:03 +0000
Processing by Api::HealthController#check as */*
Completed 200 OK in 0ms (Views: 0.2ms | ActiveRecord: 0.0ms (0 queries, 0 cached) | GC: 0.0ms)


Started GET "/api/health" for 172.18.0.1 at 2025-06-15 04:31:12 +0000
Processing by Api::HealthController#check as */*
Completed 200 OK in 0ms (Views: 0.2ms | ActiveRecord: 0.0ms (0 queries, 0 cached) | GC: 0.0ms)


Started GET "/api/health" for 172.18.0.4 at 2025-06-15 04:42:28 +0000
  [1m[36mActiveRecord::SchemaMigration Load (0.9ms)[0m  [1m[34mSELECT "schema_migrations"."version" FROM "schema_migrations" ORDER BY "schema_migrations"."version" ASC[0m
Processing by Api::HealthController#check as */*
Completed 200 OK in 8ms (Views: 0.7ms | ActiveRecord: 0.0ms (0 queries, 0 cached) | GC: 3.9ms)


